<?xml version="1.0" encoding="UTF-8"?>
<testsuite xmlns:xsi="http://www.w3.org/2001/XMLSchema-instance" xsi:noNamespaceSchemaLocation="https://maven.apache.org/surefire/maven-surefire-plugin/xsd/surefire-test-report-3.0.xsd" version="3.0" name="com.dh.final_project_backend.MainTests" time="30.638" tests="1" errors="0" skipped="0" failures="0">
  <properties>
[...]
</properties>
  <testcase name="contextLoads" classname="com.dh.final_project_backend.MainTests" time="3.087">
    <system-out><![CDATA[12:25:17.050 [main] INFO org.springframework.test.context.support.AnnotationConfigContextLoaderUtils -- Could not detect default configuration classes for test class [com.dh.final_project_backend.MainTests]: MainTests does not declare any static, non-private, non-final, nested classes annotated with @Configuration.
12:25:18.319 [main] INFO org.springframework.boot.test.context.SpringBootTestContextBootstrapper -- Found @SpringBootConfiguration com.dh.final_project_backend.Main for test class com.dh.final_project_backend.MainTests

  .   ____          _            __ _ _
 /\\ / ___'_ __ _ _(_)_ __  __ _ \ \ \ \
( ( )\___ | '_ | '_| | '_ \/ _` | \ \ \ \
 \\/  ___)| |_)| | | | | || (_| |  ) ) ) )
  '  |____| .__|_| |_|_| |_\__, | / / / /
 =========|_|==============|___/=/_/_/_/
 :: Spring Boot ::                (v3.1.0)

2023-06-15T12:25:20.820-05:00  INFO 71391 --- [           main] com.dh.final_project_backend.MainTests   : Starting MainTests using Java 19.0.1 with PID 71391 (started by andreslopezlu in /Users/andreslopezlu/Library/Mobile Documents/com~apple~CloudDocs/Documents/dh_tech_developer/dh/8_backend1/scripts/trabajo_integrador)
2023-06-15T12:25:20.825-05:00  INFO 71391 --- [           main] com.dh.final_project_backend.MainTests   : No active profile set, falling back to 1 default profile: "default"
2023-06-15T12:25:23.758-05:00  INFO 71391 --- [           main] .s.d.r.c.RepositoryConfigurationDelegate : Bootstrapping Spring Data JPA repositories in DEFAULT mode.
2023-06-15T12:25:23.985-05:00  INFO 71391 --- [           main] .s.d.r.c.RepositoryConfigurationDelegate : Finished Spring Data repository scanning in 206 ms. Found 5 JPA repository interfaces.
2023-06-15T12:25:27.090-05:00  INFO 71391 --- [           main] o.hibernate.jpa.internal.util.LogHelper  : HHH000204: Processing PersistenceUnitInfo [name: default]
2023-06-15T12:25:27.669-05:00  INFO 71391 --- [           main] org.hibernate.Version                    : HHH000412: Hibernate ORM core version 6.2.2.Final
2023-06-15T12:25:27.728-05:00  INFO 71391 --- [           main] org.hibernate.cfg.Environment            : HHH000406: Using bytecode reflection optimizer
2023-06-15T12:25:28.985-05:00  INFO 71391 --- [           main] o.h.b.i.BytecodeProviderInitiator        : HHH000021: Bytecode provider name : bytebuddy
2023-06-15T12:25:30.403-05:00  INFO 71391 --- [           main] o.s.o.j.p.SpringPersistenceUnitInfo      : No LoadTimeWeaver setup: ignoring JPA class transformer
2023-06-15T12:25:30.588-05:00  INFO 71391 --- [           main] com.zaxxer.hikari.HikariDataSource       : HikariPool-1 - Starting...
2023-06-15T12:25:31.648-05:00  INFO 71391 --- [           main] com.zaxxer.hikari.pool.HikariPool        : HikariPool-1 - Added connection conn0: url=jdbc:h2:tcp://localhost/~/test user=SA
2023-06-15T12:25:31.658-05:00  INFO 71391 --- [           main] com.zaxxer.hikari.HikariDataSource       : HikariPool-1 - Start completed.
2023-06-15T12:25:31.811-05:00  INFO 71391 --- [           main] org.hibernate.orm.dialect                : HHH035001: Using dialect: org.hibernate.dialect.H2Dialect, version: 2.1.214
2023-06-15T12:25:32.937-05:00  INFO 71391 --- [           main] o.h.b.i.BytecodeProviderInitiator        : HHH000021: Bytecode provider name : bytebuddy
2023-06-15T12:25:35.614-05:00  INFO 71391 --- [           main] o.h.e.t.j.p.i.JtaPlatformInitiator       : HHH000490: Using JtaPlatform implementation: [org.hibernate.engine.transaction.jta.platform.internal.NoJtaPlatform]
Hibernate: drop table if exists domicilios cascade 
Hibernate: drop table if exists odontologos cascade 
Hibernate: drop table if exists pacientes cascade 
Hibernate: drop table if exists turnos cascade 
Hibernate: drop table if exists usuarios cascade 
Hibernate: drop sequence if exists domicilios_seq
Hibernate: drop sequence if exists odontologos_seq
Hibernate: drop sequence if exists pacientes_seq
Hibernate: drop sequence if exists turnos_seq
Hibernate: drop sequence if exists usuarios_seq
Hibernate: create sequence domicilios_seq start with 1 increment by 50
Hibernate: create sequence odontologos_seq start with 1 increment by 50
Hibernate: create sequence pacientes_seq start with 1 increment by 50
Hibernate: create sequence turnos_seq start with 1 increment by 50
Hibernate: create sequence usuarios_seq start with 1 increment by 50
Hibernate: create table domicilios (codigo_postal integer, numero integer, id bigint not null, calle varchar(255), pais varchar(255), provincia varchar(255), primary key (id))
Hibernate: create table odontologos (id bigint not null, apellido varchar(255), matricula varchar(255), nombre varchar(255), primary key (id))
Hibernate: create table pacientes (dni integer, fecha_alta date, id bigint not null, id_domicilio bigint unique, apellido varchar(255), nombre varchar(255), primary key (id))
Hibernate: create table turnos (fecha date, hora time(6), id bigint not null, odontologo_id bigint, paciente_id bigint, primary key (id))
Hibernate: create table usuarios (id bigint not null, password varchar(255), rol varchar(255), usuario varchar(255), primary key (id))
Hibernate: alter table if exists pacientes add constraint FKlmqtk70huaxjdyae1e400em9s foreign key (id_domicilio) references domicilios
Hibernate: alter table if exists turnos add constraint FKqtj6t7mulc2jmfkv92x4ctkwh foreign key (odontologo_id) references odontologos
Hibernate: alter table if exists turnos add constraint FK4okcqr9iqt2iw6xhy1ppsmo3l foreign key (paciente_id) references pacientes
2023-06-15T12:25:35.795-05:00  INFO 71391 --- [           main] o.h.t.s.i.e.GenerationTargetToDatabase   : HHH000476: Executing script '[injected ScriptSourceInputNonExistentImpl script]'
2023-06-15T12:25:35.816-05:00  INFO 71391 --- [           main] j.LocalContainerEntityManagerFactoryBean : Initialized JPA EntityManagerFactory for persistence unit 'default'
2023-06-15T12:25:37.930-05:00  WARN 71391 --- [           main] JpaBaseConfiguration$JpaWebConfiguration : spring.jpa.open-in-view is enabled by default. Therefore, database queries may be performed during view rendering. Explicitly configure spring.jpa.open-in-view to disable this warning
2023-06-15T12:25:41.424-05:00  WARN 71391 --- [           main] ion$DefaultTemplateResolverConfiguration : Cannot find template location: classpath:/templates/ (please add some templates, check your Thymeleaf configuration, or set spring.thymeleaf.check-template-location=false)
2023-06-15T12:25:41.912-05:00  INFO 71391 --- [           main] o.s.b.a.h2.H2ConsoleAutoConfiguration    : H2 console available at '/h2-console'. Database available at 'jdbc:h2:tcp://localhost/~/test'
2023-06-15T12:25:42.269-05:00  INFO 71391 --- [           main] com.dh.final_project_backend.MainTests   : Started MainTests in 22.722 seconds (process running for 32.135)
]]></system-out>
  </testcase>
</testsuite>